Uncaught exception Fuel\Core\Database_Exception: 42000 - SQLSTATE[42000]: Syntax error or access violation: 1064 You have an error in your SQL syntax; check the manual that corresponds to your MySQL server version for the right syntax to use near 'migration, (
	,type, varchar(25) NOT NULL,
	,name, varchar(50) NOT NULL,
	,migra' at line 1 with query: "CREATE TABLE IF NOT EXISTS ,migration, (
	,type, varchar(25) NOT NULL,
	,name, varchar(50) NOT NULL,
	,migration, varchar(100) DEFAULT '' NOT NULL
) DEFAULT  CHARACTER SET utf8;" in /var/www/html/fuel_server/fuel/core/classes/database/pdo/connection.php on line 235
Callstack: 
#0 /var/www/html/fuel_server/fuel/core/classes/database/schema.php(144): Fuel\Core\Database_PDO_Connection->query(0, 'CREATE TABLE IF...', false)
#1 [internal function]: Fuel\Core\Database_Schema->create_table('migration', Array, Array, true, false, NULL, Array)
#2 /var/www/html/fuel_server/fuel/core/classes/database/connection.php(345): call_user_func_array(Array, Array)
#3 /var/www/html/fuel_server/fuel/core/classes/dbutil.php(157): Fuel\Core\Database_Connection->schema('create_table', Array)
#4 /var/www/html/fuel_server/fuel/core/classes/migrate.php(644): Fuel\Core\DBUtil::create_table('migration', Array)
#5 /var/www/html/fuel_server/fuel/core/classes/migrate.php(74): Fuel\Core\Migrate::table_version_check()
#6 [internal function]: Fuel\Core\Migrate::_init()
#7 /var/www/html/fuel_server/fuel/core/classes/autoloader.php(377): call_user_func('Migrate::_init')
#8 /var/www/html/fuel_server/fuel/core/classes/autoloader.php(249): Fuel\Core\Autoloader::init_class('Migrate')
#9 [internal function]: Fuel\Core\Autoloader::load('Migrate')
#10 /var/www/html/fuel_server/fuel/core/tasks/migrate.php(283): spl_autoload_call('Migrate')
#11 /var/www/html/fuel_server/fuel/core/tasks/migrate.php(197): Fuel\Tasks\Migrate::_run('default', 'app')
#12 /var/www/html/fuel_server/fuel/core/base56.php(37): Fuel\Tasks\Migrate->__call('_run', Array)
#13 /var/www/html/fuel_server/fuel/packages/oil/classes/refine.php(106): call_fuel_func_array(Array, Array)
#14 [internal function]: Oil\Refine::run('\\Fuel\\Tasks\\Mig...', Array)
#15 /var/www/html/fuel_server/fuel/packages/oil/classes/command.php(124): call_user_func('Oil\\Refine::run', 'migrate', Array)
#16 /var/www/html/fuel_server/oil(68): Oil\Command::init(Array)
#17 {main}

Previous exception: 
Uncaught exception PDOException: 42000 - SQLSTATE[42000]: Syntax error or access violation: 1064 You have an error in your SQL syntax; check the manual that corresponds to your MySQL server version for the right syntax to use near 'migration, (
	,type, varchar(25) NOT NULL,
	,name, varchar(50) NOT NULL,
	,migra' at line 1 in /var/www/html/fuel_server/fuel/core/classes/database/pdo/connection.php on line 206
Callstack: 
#0 /var/www/html/fuel_server/fuel/core/classes/database/pdo/connection.php(206): PDO->query('CREATE TABLE IF...')
#1 /var/www/html/fuel_server/fuel/core/classes/database/schema.php(144): Fuel\Core\Database_PDO_Connection->query(0, 'CREATE TABLE IF...', false)
#2 [internal function]: Fuel\Core\Database_Schema->create_table('migration', Array, Array, true, false, NULL, Array)
#3 /var/www/html/fuel_server/fuel/core/classes/database/connection.php(345): call_user_func_array(Array, Array)
#4 /var/www/html/fuel_server/fuel/core/classes/dbutil.php(157): Fuel\Core\Database_Connection->schema('create_table', Array)
#5 /var/www/html/fuel_server/fuel/core/classes/migrate.php(644): Fuel\Core\DBUtil::create_table('migration', Array)
#6 /var/www/html/fuel_server/fuel/core/classes/migrate.php(74): Fuel\Core\Migrate::table_version_check()
#7 [internal function]: Fuel\Core\Migrate::_init()
#8 /var/www/html/fuel_server/fuel/core/classes/autoloader.php(377): call_user_func('Migrate::_init')
#9 /var/www/html/fuel_server/fuel/core/classes/autoloader.php(249): Fuel\Core\Autoloader::init_class('Migrate')
#10 [internal function]: Fuel\Core\Autoloader::load('Migrate')
#11 /var/www/html/fuel_server/fuel/core/tasks/migrate.php(283): spl_autoload_call('Migrate')
#12 /var/www/html/fuel_server/fuel/core/tasks/migrate.php(197): Fuel\Tasks\Migrate::_run('default', 'app')
#13 /var/www/html/fuel_server/fuel/core/base56.php(37): Fuel\Tasks\Migrate->__call('_run', Array)
#14 /var/www/html/fuel_server/fuel/packages/oil/classes/refine.php(106): call_fuel_func_array(Array, Array)
#15 [internal function]: Oil\Refine::run('\\Fuel\\Tasks\\Mig...', Array)
#16 /var/www/html/fuel_server/fuel/packages/oil/classes/command.php(124): call_user_func('Oil\\Refine::run', 'migrate', Array)
#17 /var/www/html/fuel_server/oil(68): Oil\Command::init(Array)
#18 {main}
